<?xml version="1.0" encoding="UTF-8"?>
<testng-results ignored="0" total="1" passed="1" failed="0" skipped="0">
  <reporter-output>
  </reporter-output>
  <suite started-at="2022-04-05T15:58:55 EDT" name="Default suite" finished-at="2022-04-05T15:59:12 EDT" duration-ms="17165">
    <groups>
    </groups>
    <test started-at="2022-04-05T15:58:55 EDT" name="Default test" finished-at="2022-04-05T15:59:12 EDT" duration-ms="17165">
      <class name="Mouseactions.Mouseactions">
        <test-method signature="purchase()[pri:0, instance:Mouseactions.Mouseactions@f5ac9e4]" started-at="2022-04-05T15:58:55 EDT" name="purchase" finished-at="2022-04-05T15:59:12 EDT" duration-ms="17128" status="PASS">
          <reporter-output>
          </reporter-output>
        </test-method> <!-- purchase -->
      </class> <!-- Mouseactions.Mouseactions -->
    </test> <!-- Default test -->
  </suite> <!-- Default suite -->
</testng-results>
